2025-03-07 14:48:00 | DEBUG | repo=Agency | action=pull
2025-10-22 18:11:00 | INFO | repo=Agency | action=commit
2025-09-06 16:08:00 | DEBUG | repo=Agency | action=edit | files=5
2025-04-13 14:52:00 | WARN | repo=Agency | action=commit
2025-11-12 18:32:00 | INFO | repo=Agency | action=edit | files=3
2025-03-17 20:12:00 | DEBUG | repo=Agency | action=commit
2025-09-23 18:04:00 | INFO | repo=Agency | action=edit | files=2
2025-12-20 08:29:00 | INFO | repo=Agency | action=commit
2025-08-09 12:58:00 | DEBUG | repo=Agency | action=commit
2025-10-16 15:12:00 | WARN | repo=Agency | action=commit
2025-04-12 18:36:00 | WARN | repo=Agency | action=edit | files=2
2025-07-11 16:10:00 | WARN | repo=Agency | action=commit
2025-04-11 18:25:00 | INFO | repo=Agency | action=test | passed=true
2025-05-11 12:06:00 | INFO | repo=Agency | action=edit | files=1
2025-07-27 21:34:00 | WARN | repo=Agency | action=commit
2025-09-21 15:13:00 | DEBUG | repo=Agency | action=test | passed=true
2025-05-13 16:26:00 | DEBUG | repo=Agency | action=commit
2025-04-06 08:36:00 | INFO | repo=Agency | action=commit
2025-07-27 13:47:00 | WARN | repo=Agency | action=commit
2025-07-16 21:28:00 | INFO | repo=Agency | action=commit
2025-04-27 18:10:00 | WARN | repo=Agency | action=commit
2025-05-06 16:16:00 | DEBUG | repo=Agency | action=commit
2025-08-12 09:36:00 | WARN | repo=Agency | action=pull
2025-07-18 17:36:00 | WARN | repo=Agency | action=commit
2025-07-21 08:28:00 | WARN | repo=Agency | action=commit
2025-04-01 20:52:00 | WARN | repo=Agency | action=edit | files=3
2025-07-15 19:51:00 | WARN | repo=Agency | action=commit
2025-11-20 08:06:00 | WARN | repo=Agency | action=commit
2025-10-22 10:39:00 | INFO | repo=Agency | action=pull
2025-03-26 14:49:00 | DEBUG | repo=Agency | action=commit
2025-04-03 18:15:00 | DEBUG | repo=Agency | action=commit
2025-09-04 09:02:00 | INFO | repo=Agency | action=commit
2025-10-08 07:03:00 | DEBUG | repo=Agency | action=edit | files=4
2025-09-18 19:38:00 | INFO | repo=Agency | action=commit
2025-08-07 11:01:00 | WARN | repo=Agency | action=commit
2025-11-05 09:47:00 | WARN | repo=Agency | action=commit
2025-07-21 13:11:00 | INFO | repo=Agency | action=edit | files=1
2025-11-09 18:41:00 | DEBUG | repo=Agency | action=commit
2025-06-05 13:03:00 | DEBUG | repo=Agency | action=commit
2025-12-16 16:15:00 | WARN | repo=Agency | action=commit
2025-06-10 18:59:00 | INFO | repo=Agency | action=commit
2025-06-15 10:13:00 | WARN | repo=Agency | action=commit
2025-01-09 08:18:00 | WARN | repo=Agency | action=commit
2025-06-04 21:00:00 | WARN | repo=Agency | action=commit
2025-04-21 12:17:00 | INFO | repo=Agency | action=commit
2025-06-03 20:37:00 | DEBUG | repo=Agency | action=commit
2025-07-28 19:25:00 | INFO | repo=Agency | action=commit
2025-09-17 08:21:00 | INFO | repo=Agency | action=commit
2025-11-03 16:15:00 | DEBUG | repo=Agency | action=commit
2025-07-10 12:39:00 | WARN | repo=Agency | action=edit | files=2
2025-11-21 15:31:00 | DEBUG | repo=Agency | action=commit
2025-11-08 18:56:00 | WARN | repo=Agency | action=commit
2025-01-21 09:44:00 | DEBUG | repo=Agency | action=test | passed=true
2025-09-05 15:10:00 | INFO | repo=Agency | action=commit
2025-07-06 14:06:00 | DEBUG | repo=Agency | action=edit | files=4
2025-06-20 13:52:00 | DEBUG | repo=Agency | action=pull
2025-06-21 19:09:00 | DEBUG | repo=Agency | action=edit | files=1
2025-07-10 18:39:00 | INFO | repo=Agency | action=commit
2025-05-23 19:15:00 | INFO | repo=Agency | action=edit | files=5
2025-01-04 14:46:00 | INFO | repo=Agency | action=test | passed=true
2025-03-10 14:11:00 | WARN | repo=Agency | action=edit | files=2
2025-08-06 09:50:00 | INFO | repo=Agency | action=test | passed=true
2025-12-25 07:52:00 | INFO | repo=Agency | action=commit
2025-07-02 13:25:00 | WARN | repo=Agency | action=pull
2025-10-10 12:34:00 | WARN | repo=Agency | action=commit
2025-12-12 07:45:00 | INFO | repo=Agency | action=commit
2025-08-08 18:43:00 | DEBUG | repo=Agency | action=commit
2025-06-10 12:31:00 | INFO | repo=Agency | action=commit
2025-08-19 07:24:00 | DEBUG | repo=Agency | action=test | passed=true
2025-08-16 15:19:00 | WARN | repo=Agency | action=commit
2025-11-15 19:05:00 | INFO | repo=Agency | action=commit
2025-02-02 07:27:00 | INFO | repo=Agency | action=edit | files=3
2025-02-06 07:49:00 | WARN | repo=Agency | action=test | passed=true
2025-09-11 14:56:00 | DEBUG | repo=Agency | action=commit
2025-08-20 18:29:00 | DEBUG | repo=Agency | action=commit
2025-07-08 19:21:00 | DEBUG | repo=Agency | action=commit
2025-10-27 12:42:00 | DEBUG | repo=Agency | action=edit | files=5
2025-12-10 18:56:00 | DEBUG | repo=Agency | action=commit
2025-03-24 07:57:00 | DEBUG | repo=Agency | action=test | passed=true
2025-03-06 15:50:00 | WARN | repo=Agency | action=commit
2025-12-02 14:10:00 | DEBUG | repo=Agency | action=pull
2025-06-21 13:10:00 | WARN | repo=Agency | action=commit
2025-12-08 09:32:00 | INFO | repo=Agency | action=commit
2025-05-22 08:39:00 | DEBUG | repo=Agency | action=commit
2025-11-19 15:59:00 | INFO | repo=Agency | action=commit
2025-01-05 18:49:00 | WARN | repo=Agency | action=edit | files=1
2025-02-24 07:11:00 | WARN | repo=Agency | action=commit
2025-12-09 20:50:00 | DEBUG | repo=Agency | action=commit
2025-04-21 08:46:00 | WARN | repo=Agency | action=commit
2025-09-12 18:46:00 | DEBUG | repo=Agency | action=commit
2025-07-20 18:32:00 | DEBUG | repo=Agency | action=commit
2025-09-13 17:57:00 | INFO | repo=Agency | action=commit
2025-07-23 13:51:00 | DEBUG | repo=Agency | action=pull
2025-10-23 17:24:00 | DEBUG | repo=Agency | action=commit
2025-08-27 11:58:00 | WARN | repo=Agency | action=commit
2025-03-04 17:15:00 | INFO | repo=Agency | action=commit
2025-10-07 12:07:00 | WARN | repo=Agency | action=edit | files=5
2025-04-23 18:05:00 | INFO | repo=Agency | action=commit
2025-08-26 07:15:00 | DEBUG | repo=Agency | action=commit
2025-05-03 19:52:00 | DEBUG | repo=Agency | action=pull
2025-06-25 21:25:00 | WARN | repo=Agency | action=commit
2025-03-23 10:05:00 | INFO | repo=Agency | action=commit
2025-07-23 10:37:00 | INFO | repo=Agency | action=commit
2025-07-18 07:29:00 | INFO | repo=Agency | action=commit
2025-03-18 15:02:00 | INFO | repo=Agency | action=commit
2025-05-28 17:05:00 | WARN | repo=Agency | action=test | passed=true
2025-09-03 07:50:00 | INFO | repo=Agency | action=commit
2025-05-20 08:52:00 | INFO | repo=Agency | action=commit
2025-01-07 14:12:00 | DEBUG | repo=Agency | action=commit
2025-12-15 19:16:00 | WARN | repo=Agency | action=commit
2025-01-15 07:23:00 | DEBUG | repo=Agency | action=test | passed=true
2025-06-26 17:52:00 | WARN | repo=Agency | action=commit
2025-04-06 12:45:00 | WARN | repo=Agency | action=pull
2025-07-23 21:30:00 | WARN | repo=Agency | action=commit
2025-05-03 12:11:00 | DEBUG | repo=Agency | action=pull
2025-05-09 20:28:00 | DEBUG | repo=Agency | action=edit | files=3
2025-06-22 13:23:00 | INFO | repo=Agency | action=commit
2025-01-12 18:39:00 | INFO | repo=Agency | action=commit
2025-02-02 08:34:00 | DEBUG | repo=Agency | action=commit
2025-05-28 13:14:00 | DEBUG | repo=Agency | action=commit
2026-11-25 15:04:00 | DEBUG | repo=Agency | action=commit
2026-08-02 14:09:00 | WARN | repo=Agency | action=edit | files=5
2026-01-03 10:45:00 | WARN | repo=Agency | action=commit
2026-07-17 11:19:00 | INFO | repo=Agency | action=commit
2026-06-17 17:06:00 | DEBUG | repo=Agency | action=commit
2026-04-10 19:02:00 | DEBUG | repo=Agency | action=commit
2026-12-03 09:31:00 | DEBUG | repo=Agency | action=commit
2026-10-08 20:53:00 | INFO | repo=Agency | action=commit
2026-03-14 10:29:00 | WARN | repo=Agency | action=commit
2026-06-25 12:51:00 | WARN | repo=Agency | action=edit | files=3
2026-08-27 10:20:00 | WARN | repo=Agency | action=commit
2026-01-15 14:16:00 | INFO | repo=Agency | action=commit
2025-07-20 13:10:00 | DEBUG | repo=Agency | action=commit
2025-12-13 18:15:00 | WARN | repo=Agency | action=commit
2025-05-03 20:14:00 | INFO | repo=Agency | action=edit | files=5
2025-06-15 09:03:00 | WARN | repo=Agency | action=commit
2025-12-23 18:25:00 | WARN | repo=Agency | action=commit
2025-04-12 13:44:00 | DEBUG | repo=Agency | action=commit
2025-11-25 13:36:00 | WARN | repo=Agency | action=commit
2025-05-25 14:06:00 | INFO | repo=Agency | action=commit
2025-04-26 07:21:00 | DEBUG | repo=Agency | action=test | passed=true
2025-01-22 12:12:00 | DEBUG | repo=Agency | action=commit
2025-02-28 17:50:00 | INFO | repo=Agency | action=commit
2025-07-26 14:37:00 | DEBUG | repo=Agency | action=commit
2025-02-05 07:23:00 | INFO | repo=Agency | action=commit
2025-12-25 07:09:00 | WARN | repo=Agency | action=commit
2025-03-05 11:23:00 | DEBUG | repo=Agency | action=test | passed=true
2025-05-27 08:28:00 | DEBUG | repo=Agency | action=commit
2025-02-07 20:36:00 | DEBUG | repo=Agency | action=commit
2025-08-24 19:36:00 | DEBUG | repo=Agency | action=commit
2025-02-03 10:22:00 | INFO | repo=Agency | action=commit
2025-09-07 15:08:00 | INFO | repo=Agency | action=commit
2025-11-27 17:06:00 | WARN | repo=Agency | action=commit
2025-09-09 16:54:00 | DEBUG | repo=Agency | action=commit
2025-03-25 19:11:00 | DEBUG | repo=Agency | action=commit
2025-09-05 10:33:00 | DEBUG | repo=Agency | action=pull
2025-11-11 21:04:00 | INFO | repo=Agency | action=commit
2025-01-12 15:39:00 | INFO | repo=Agency | action=commit
2025-06-16 07:49:00 | DEBUG | repo=Agency | action=commit
2025-10-28 07:30:00 | INFO | repo=Agency | action=commit
2025-07-28 20:46:00 | INFO | repo=Agency | action=commit
2025-12-24 07:23:00 | DEBUG | repo=Agency | action=commit
2025-05-04 08:38:00 | WARN | repo=Agency | action=commit
2025-12-26 12:27:00 | INFO | repo=Agency | action=commit
2025-03-14 19:10:00 | WARN | repo=Agency | action=edit | files=4
2025-07-15 13:56:00 | DEBUG | repo=Agency | action=commit
2025-03-24 08:36:00 | INFO | repo=Agency | action=test | passed=true
2025-01-04 14:18:00 | DEBUG | repo=Agency | action=commit
2025-08-27 20:58:00 | INFO | repo=Agency | action=test | passed=true
2025-04-06 12:58:00 | DEBUG | repo=Agency | action=commit
2025-06-27 07:44:00 | WARN | repo=Agency | action=commit
2025-10-24 08:50:00 | DEBUG | repo=Agency | action=commit
2025-11-08 16:59:00 | DEBUG | repo=Agency | action=test | passed=true
2025-07-06 11:04:00 | DEBUG | repo=Agency | action=commit
2025-10-01 10:57:00 | DEBUG | repo=Agency | action=edit | files=3
2025-09-12 08:34:00 | DEBUG | repo=Agency | action=commit
2025-04-13 13:07:00 | INFO | repo=Agency | action=commit
2025-11-12 11:08:00 | WARN | repo=Agency | action=commit
2025-05-17 11:20:00 | DEBUG | repo=Agency | action=test | passed=true
2025-07-12 16:45:00 | WARN | repo=Agency | action=pull
2025-05-21 11:40:00 | INFO | repo=Agency | action=test | passed=true
2025-11-03 09:54:00 | INFO | repo=Agency | action=commit
2025-02-18 10:57:00 | DEBUG | repo=Agency | action=commit
2025-06-14 19:08:00 | DEBUG | repo=Agency | action=edit | files=4
2025-04-18 10:22:00 | DEBUG | repo=Agency | action=pull
2025-08-03 07:43:00 | DEBUG | repo=Agency | action=commit
2025-01-01 19:04:00 | WARN | repo=Agency | action=test | passed=true
2025-12-11 19:19:00 | DEBUG | repo=Agency | action=commit
2025-05-25 21:02:00 | WARN | repo=Agency | action=pull
2025-11-09 17:49:00 | INFO | repo=Agency | action=commit
2025-09-25 20:31:00 | INFO | repo=Agency | action=pull
2025-05-16 14:02:00 | DEBUG | repo=Agency | action=commit
2025-01-20 15:10:00 | INFO | repo=Agency | action=pull
2025-07-07 21:16:00 | INFO | repo=Agency | action=commit
2025-12-28 14:11:00 | DEBUG | repo=Agency | action=edit | files=4
2025-09-27 08:21:00 | INFO | repo=Agency | action=commit
2025-08-15 16:11:00 | INFO | repo=Agency | action=pull
2025-09-01 18:27:00 | DEBUG | repo=Agency | action=test | passed=true
2025-04-10 15:43:00 | DEBUG | repo=Agency | action=commit
2025-06-11 16:32:00 | DEBUG | repo=Agency | action=pull
2025-11-08 10:44:00 | WARN | repo=Agency | action=commit
2025-01-24T15:08:00 | nonce=4134559259801665641
2025-10-10T19:30:00 | nonce=15086270942902535796
2025-12-26T10:22:00 | nonce=15435140851423394392
2025-08-09T19:50:00 | nonce=118142624213524537
2024-01-01T15:15:00 | nonce=13488454331844941680
2025-11-13T11:12:00 | nonce=15703523139121075399
2024-05-09T11:19:00 | nonce=15914821846219327402
2024-07-16T20:51:00 | nonce=9685182373270936361
2024-09-04T20:01:00 | nonce=426402592482362941
2025-01-05T10:26:00 | nonce=7744562116346878650
2025-03-02T15:24:00 | nonce=10598507083525110577
2025-03-17T09:27:00 | nonce=7013344624828169683
2025-05-15T13:04:00 | nonce=16955427012163451651
2025-06-30T17:43:00 | nonce=1086169245232467819
2025-07-20T12:47:00 | nonce=6256928320140952785
2025-08-10T13:55:00 | nonce=5745484017852741908
2025-09-14T09:34:00 | nonce=2266843915130199056
2025-08-25T18:57:00 | nonce=3647720126734622352
2024-07-21T14:39:00 | nonce=17289203212977964273
2025-07-15T10:35:00 | nonce=11677356589916653282
2025-03-26T11:02:00 | nonce=10977687609342170270
2025-06-11T09:08:00 | nonce=4582427870742298760
2024-02-03T13:44:00 | nonce=4218100053218527777
2024-06-20T19:34:00 | nonce=14518980096273354320
2024-07-27T18:23:00 | nonce=15581592660892877283
2024-08-06T17:31:00 | nonce=16140084266990502587
2024-08-12T16:28:00 | nonce=5600284647879182931
2024-10-21T17:06:00 | nonce=16994911046218707462
2024-12-20T12:54:00 | nonce=15552361250422499857
2025-02-16T12:20:00 | nonce=15763649684773811005
2025-07-22T10:40:00 | nonce=16957937446864677228
2025-10-02T12:57:00 | nonce=15876657709652950384
2024-05-05T16:19:00 | nonce=8582215354695505959
2025-05-04T16:59:00 | nonce=9207438128541313059
2024-02-21T16:17:00 | nonce=1610057910052352495
2025-12-10T12:41:00 | nonce=14321791578553812
2024-07-28T20:22:00 | nonce=18044265235250627556
2025-01-12T09:40:00 | nonce=13475385232277876131
2024-03-01T20:08:00 | nonce=11105845407228588053
2024-06-08T13:50:00 | nonce=3711464661974146977
2025-11-19T19:18:00 | nonce=14692856032387992344
2024-01-23T13:20:00 | nonce=13118116307761828740
2024-07-22T09:00:00 | nonce=615954029940583704
2024-12-14T18:14:00 | nonce=11168856686875561912
2025-11-29T09:03:00 | nonce=2800469707371907378
2025-12-15T17:04:00 | nonce=17214251754406781073
2024-07-19T17:31:00 | nonce=9003050256424565185
2025-03-02T18:23:00 | nonce=2810312430643040498
2025-11-13T12:45:00 | nonce=12392080451702459728
2025-10-12T15:54:00 | nonce=3666580872677362145
2024-07-02T17:46:00 | nonce=17587948447489572866
2024-07-25T19:45:00 | nonce=3719335234430298752
2024-08-20T19:40:00 | nonce=7004615948446456161
2024-09-18T14:50:00 | nonce=1308777121481738181
2024-12-19T19:02:00 | nonce=8423697925560193159
2025-01-29T09:22:00 | nonce=9379605854791299190
2025-04-24T11:36:00 | nonce=7697886418380430242
2025-07-18T13:43:00 | nonce=1492427217374139892
2025-08-04T16:46:00 | nonce=6369495592122646162
2025-08-14T20:14:00 | nonce=13096969411423402430
2025-12-03T13:43:00 | nonce=8191409394716242493
2024-04-19T12:58:00 | nonce=258767720006002713
2024-02-14T09:53:00 | nonce=6767246706460596666
2025-02-21T19:52:00 | nonce=3608558928789105540
2024-05-25T14:41:00 | nonce=15049594935682178666
2025-01-05T20:29:00 | nonce=9685564698570803442
2025-09-01T19:43:00 | nonce=920860214568809010
2024-02-19T11:54:00 | nonce=518541621149450505
2024-03-31T12:36:00 | nonce=18176870987707527523
2024-07-09T14:23:00 | nonce=9181297107339485584
2024-08-17T19:04:00 | nonce=16886395714570457468
2025-02-16T16:30:00 | nonce=236849604673652589
2025-03-28T18:59:00 | nonce=16578167646215568494
2025-04-18T13:18:00 | nonce=2604802022427285556
2025-07-25T16:48:00 | nonce=6115958697051714828
2024-06-07T16:24:00 | nonce=5711806811551062149
2025-10-10T13:33:00 | nonce=2576770686747877598
2025-04-25T10:19:00 | nonce=11769305899854497894
2024-08-08T18:18:00 | nonce=7558504266694507604
2025-03-19T17:43:00 | nonce=1235691501067320959
2025-08-19T20:58:00 | nonce=687050888515499146
2024-05-03T11:55:00 | nonce=14884312573059843984
2024-12-06T17:55:00 | nonce=10332503822311940242
2025-12-18T11:37:00 | nonce=15344605536885203163
2024-01-26T09:14:00 | nonce=9638682470528316202
2024-01-11T13:30:00 | nonce=9065767359830587064
2024-04-02T14:22:00 | nonce=15646981214618413604
2024-04-04T15:49:00 | nonce=10364640425829467297
2024-06-03T10:18:00 | nonce=2474216228128707228
2024-06-15T19:50:00 | nonce=13934548740640183025
2024-08-02T16:36:00 | nonce=9154769052290850596
2024-11-19T11:12:00 | nonce=8693200678556632748
2025-01-12T17:58:00 | nonce=17126020811149455247
2025-06-16T12:04:00 | nonce=18108276685166688130
2025-06-29T14:16:00 | nonce=1091202101025723124
2025-08-23T12:13:00 | nonce=9754252895515430926
2025-10-22T17:29:00 | nonce=5280359699952888662
2025-08-16T11:30:00 | nonce=4441578401786685933
2024-03-14T14:40:00 | nonce=5155629500536338098
2025-01-20T12:04:00 | nonce=48385487561481203
2025-03-19T16:36:00 | nonce=4782935782777213656
2024-06-26T10:18:00 | nonce=17963952939892072682
2025-05-04T14:33:00 | nonce=4192323726834820802
2025-08-07T11:36:00 | nonce=2668814368589347238
